Microsoft (R) Macro Assembler Version 5.10                  11/22/16 22:49:2
                                                             Page     1-1


				ÔªøDOSSEG                                      
l5.asm(1): warning A4001: Extra characters on line
				   .MODEL  SMALL                              
				   .STACK  100h                               
				   .DATA 
				                                      
 0000  0000					KEEP_CS DW 0 ; –¥–ª—è —Ö—Ä–∞–Ω–
				µ–Ω–∏—è —Å–µ–≥–º–µ–Ω—Ç–∞
 0002  0000					KEEP_IP DW 0 ; –∏ —Å–º–µ—â–µ–Ω–
				∏—è –ø—Ä–µ—Ä—ã–≤–∞–Ω–∏—è
				
 0004  48 65 6C 6C 6F 2E			Greeting DB 'Hello. Interruptio
				n is actuated.',13,10,'$'
       20 49 6E 74 65 72	
       72 75 70 74 69 6F	
       6E 20 69 73 20 61	
       63 74 75 61 74 65	
       64 2E 0D 0A 24		
				   
				
				.CODE
 0000				begin:                               
 0000  BB ---- R		   mov  bx,@data                        
 0003  8E DB			   mov  ds,bx                           
				   
 0005  B4 35				MOV AH, 35H ; —Ñ—É–Ω–∫—Ü–∏—è –ø–æ–ª—É—á
				–µ–Ω–∏—è –≤–µ–∫—Ç–æ—Ä–∞
 0007  B0 60				MOV AL, 60H ; –Ω–æ–º–µ—Ä –≤–µ–∫—Ç–æ—Ä–∞
 0009  CD 21				INT 21H
 000B  89 1E 0002 R			MOV KEEP_IP, BX ; –∑–∞–ø–æ–º–∏–Ω–∞–Ω–∏–
				µ —Å–º–µ—â–µ–Ω–∏—è
 000F  8C 06 0000 R			MOV KEEP_CS, ES ; –∏ —Å–µ–≥–º–µ–Ω—Ç–∞
				
				
 0013  1E				PUSH DS
 0014  BA 003C R			MOV DX, OFFSET ROUT ; —Å–º–µ—â–µ–Ω–∏–µ 
				–¥–ª—è –ø—Ä–æ—Ü–µ–¥—É—Ä—ã –≤ DX
 0017  B8 ---- R			MOV AX, SEG ROUT ; —Å–µ–≥–º–µ–Ω—Ç –ø—Ä–
				æ—Ü–µ–¥—É—Ä—ã
 001A  8E D8				MOV DS, AX ; –ø–æ–º–µ—â–∞–µ–º –≤ DS
 001C  B4 25				MOV AH, 25H ; —Ñ—É–Ω–∫—Ü–∏—è —É—Å—Ç–∞–Ω
				–æ–≤–∫–∏ –≤–µ–∫—Ç–æ—Ä–∞
 001E  B0 60				MOV AL, 60H ; –Ω–æ–º–µ—Ä –≤–µ–∫—Ç–æ—Ä–∞
 0020  CD 21				INT 21H ; –º–µ–Ω—è–µ–º –ø—Ä–µ—Ä—ã–≤–∞–Ω
				–∏–µ
 0022  1F				POP DS
				
 0023  CD 60				int 60h
				
 0025  FA				CLI
 0026  1E				PUSH DS
 0027  8B 16 0002 R			MOV DX, KEEP_IP
 002B  A1 0000 R			MOV AX, KEEP_CS
 002E  8E D8				MOV DS, AX
 0030  B4 25				MOV AH, 25H
Microsoft (R) Macro Assembler Version 5.10                  11/22/16 22:49:2
                                                             Page     1-2


 0032  B0 60				MOV AL, 60H
 0034  CD 21				INT 21H ; –≤–æ—Å—Å—Ç–∞–Ω–∞–≤–ª–∏–≤–∞–µ–
				º –≤–µ–∫—Ç–æ—Ä
 0036  1F				POP DS
 0037  FB				STI
				
 0038  B4 4C				mov  ah,4ch                         
 003A  CD 21				int  21h                             
				
 003C					ROUT proc far ;–Ω–∞—á–∞–ª–æ –ø—Ä–æ—Ü–µ–
				¥—É—Ä—ã
 003C  50			  		push ax ;—Å–æ—Ö—Ä–∞–Ω—è–µ–º –≤—
				Å–µ –∏–∑–º–µ–Ω—è–µ–º—ã–µ —Ä–µ–≥–∏—Å—Ç—Ä—ã
 003D  52			  		push dx ;—Å–æ—Ö—Ä–∞–Ω—è–µ–º –≤—
				Å–µ –∏–∑–º–µ–Ω—è–µ–º—ã–µ —Ä–µ–≥–∏—Å—Ç—Ä—ã
				 
 003E  B4 09			  		mov ah,9h ;—Ñ—É–Ω–∫—Ü–∏—è —É—Å—
				Ç–∞–Ω–æ–≤–∫–∏ –≤–µ–∫—Ç–æ—Ä–∞
 0040  BA 0004 R		  		mov dx,offset Greeting ;–≤ dx –
				∑–∞–≥—Ä—É–∂–∞–µ–º –∞–¥—Ä–µ—Å —Å–æ–æ–±—â–µ–Ω–∏—è
 0043  CD 21			  		int 21h ;–≤—ã–≤–æ–¥ —Å—Ç—Ä–æ–∫–
				∏ –Ω–∞ —ç–∫—Ä–∞–Ω
				  
 0045  5A			  		pop dx ;–≤–æ—Å—Å—Ç–∞–Ω–∞–≤–ª–∏–
				≤–∞–µ–º —Ä–µ–≥–∏—Å—Ç—Ä—ã
 0046  58			  		pop ax ;–≤–æ—Å—Å—Ç–∞–Ω–∞–≤–ª–∏–
				≤–∞–µ–º —Ä–µ–≥–∏—Å—Ç—Ä—ã
 0047  CB			  		ret
 0048					ROUT endp
				
				END begin
Microsoft (R) Macro Assembler Version 5.10                  11/22/16 22:49:2
                                                             Symbols-1


Segments and Groups:

                N a m e         	Length	 Align	Combine Class

DGROUP . . . . . . . . . . . . .  	GROUP
  _DATA  . . . . . . . . . . . .  	0027	WORD	PUBLIC	'DATA'
  STACK  . . . . . . . . . . . .  	0100	PARA	STACK	'STACK'
_TEXT  . . . . . . . . . . . . .  	0048	WORD	PUBLIC	'CODE'

Symbols:            

                N a m e         	Type	 Value	 Attr

BEGIN  . . . . . . . . . . . . .  	L NEAR	0000	_TEXT

GREETING . . . . . . . . . . . .  	L BYTE	0004	_DATA

KEEP_CS  . . . . . . . . . . . .  	L WORD	0000	_DATA
KEEP_IP  . . . . . . . . . . . .  	L WORD	0002	_DATA

ROUT . . . . . . . . . . . . . .  	F PROC	003C	_TEXT	Length = 000C

@CODE  . . . . . . . . . . . . .  	TEXT  _TEXT		
@CODESIZE  . . . . . . . . . . .  	TEXT  0		
@CPU . . . . . . . . . . . . . .  	TEXT  0101h		
@DATASIZE  . . . . . . . . . . .  	TEXT  0		
@FILENAME  . . . . . . . . . . .  	TEXT  l5		
@VERSION . . . . . . . . . . . .  	TEXT  510		


     62 Source  Lines
     62 Total   Lines
     22 Symbols

  47976 + 461315 Bytes symbol space free

      1 Warning Errors
      0 Severe  Errors
